<?xml version="1.0" encoding="UTF-8"?>
<!-- Generated by org.testng.reporters.JUnitReportReporter -->
<testsuite skipped="0" hostname="DESKTOP-P1VUD1T" name="com.demo.lms.TestCase.HomePageTest" tests="1" failures="0" timestamp="2020-01-05T00:24:41 GMT-06:00" time="23.077" errors="0">
  <testcase name="countLinkTest" time="23.077" classname="com.demo.lms.TestCase.HomePageTest"/>
</testsuite> <!-- com.demo.lms.TestCase.HomePageTest -->
